<?xml version="1.0" encoding="UTF-8"?>
<!-- Generated by org.testng.reporters.JUnitReportReporter -->
<testsuite hostname="ATMECSINLT-915" failures="0" tests="1" name="com.atmecs.saucelab.testCases.TC_LoginTest" time="1.136" errors="0" timestamp="2023-01-25T19:31:25 IST" skipped="0">
  <testcase classname="com.atmecs.saucelab.testCases.TC_LoginTest" name="loginTest" time="1.136"/>
  <system-out/>
</testsuite> <!-- com.atmecs.saucelab.testCases.TC_LoginTest -->
