<?xml version="1.0" encoding="UTF-8"?>
<!-- Generated by org.testng.reporters.JUnitReportReporter -->
<testsuite hostname="ATMECSINLT-915" failures="0" tests="1" name="com.atmecs.saucelab.testCases.TC_AddProducts" time="2.769" errors="0" timestamp="2023-01-30T19:52:51 IST" skipped="0">
  <testcase classname="com.atmecs.saucelab.testCases.TC_AddProducts" name="addProducts" time="2.769"/>
  <system-out/>
</testsuite> <!-- com.atmecs.saucelab.testCases.TC_AddProducts -->
